2025-12-20 21:23:03.682 ERROR [ma.ensa.healthcare.Main.main()] ma.ensa.healthcare.Main - ERREUR lors du test DAO
java.lang.RuntimeException: Erreur SQL
	at ma.ensa.healthcare.dao.impl.PatientDAOImpl.save(PatientDAOImpl.java:52)
	at ma.ensa.healthcare.Main.main(Main.java:43)
	at java.base/jdk.internal.reflect.DirectMethodHandleAccessor.invoke(DirectMethodHandleAccessor.java:104)
	at java.base/java.lang.reflect.Method.invoke(Method.java:565)
	at org.codehaus.mojo.exec.AbstractExecJavaBase.executeMainMethod(AbstractExecJavaBase.java:402)
	at org.codehaus.mojo.exec.ExecJavaMojo.executeMainMethod(ExecJavaMojo.java:142)
	at org.codehaus.mojo.exec.AbstractExecJavaBase.doExecClassLoader(AbstractExecJavaBase.java:377)
	at org.codehaus.mojo.exec.AbstractExecJavaBase.lambda$execute$0(AbstractExecJavaBase.java:287)
	at java.base/java.lang.Thread.run(Thread.java:1474)
Caused by: java.sql.SQLSyntaxErrorException: ORA-04043: object PATIENT does not exist

	at oracle.jdbc.driver.T4CTTIoer11.processError(T4CTTIoer11.java:629)
	at oracle.jdbc.driver.T4CTTIoer11.processError(T4CTTIoer11.java:558)
	at oracle.jdbc.driver.T4CTTIoer11.processError(T4CTTIoer11.java:553)
	at oracle.jdbc.driver.T4CTTIfun.processError(T4CTTIfun.java:1376)
	at oracle.jdbc.driver.T4CTTIfun.receive(T4CTTIfun.java:771)
	at oracle.jdbc.driver.T4CTTIfun.doRPC(T4CTTIfun.java:298)
	at oracle.jdbc.driver.T4C8Odsy.doODSY(T4C8Odsy.java:209)
	at oracle.jdbc.driver.T4C8Odsy.doODSYTable(T4C8Odsy.java:154)
	at oracle.jdbc.driver.T4CConnection.getColumnMetaData(T4CConnection.java:7398)
	at oracle.jdbc.driver.T4CConnection.doDescribeTable(T4CConnection.java:7393)
	at oracle.jdbc.driver.AutoKeyInfo.initialize(AutoKeyInfo.java:328)
	at oracle.jdbc.driver.OraclePreparedStatement.initializeAutoKeyInfo(OraclePreparedStatement.java:11855)
	at oracle.jdbc.driver.OraclePreparedStatement.executeInternal(OraclePreparedStatement.java:3748)
	at oracle.jdbc.driver.OraclePreparedStatement.executeLargeUpdate(OraclePreparedStatement.java:4061)
	at oracle.jdbc.driver.OraclePreparedStatement.executeUpdate(OraclePreparedStatement.java:4036)
	at oracle.jdbc.driver.OraclePreparedStatementWrapper.executeUpdate(OraclePreparedStatementWrapper.java:995)
	at com.zaxxer.hikari.pool.ProxyPreparedStatement.executeUpdate(ProxyPreparedStatement.java:61)
	at com.zaxxer.hikari.pool.HikariProxyPreparedStatement.executeUpdate(HikariProxyPreparedStatement.java)
	at ma.ensa.healthcare.dao.impl.PatientDAOImpl.save(PatientDAOImpl.java:38)
	... 8 common frames omitted
2025-12-20 21:26:39.047 ERROR [ma.ensa.healthcare.Main.main()] ma.ensa.healthcare.Main - ERREUR lors du test DAO
java.lang.RuntimeException: Erreur SQL
	at ma.ensa.healthcare.dao.impl.PatientDAOImpl.save(PatientDAOImpl.java:52)
	at ma.ensa.healthcare.Main.main(Main.java:43)
	at java.base/jdk.internal.reflect.DirectMethodHandleAccessor.invoke(DirectMethodHandleAccessor.java:104)
	at java.base/java.lang.reflect.Method.invoke(Method.java:565)
	at org.codehaus.mojo.exec.AbstractExecJavaBase.executeMainMethod(AbstractExecJavaBase.java:402)
	at org.codehaus.mojo.exec.ExecJavaMojo.executeMainMethod(ExecJavaMojo.java:142)
	at org.codehaus.mojo.exec.AbstractExecJavaBase.doExecClassLoader(AbstractExecJavaBase.java:377)
	at org.codehaus.mojo.exec.AbstractExecJavaBase.lambda$execute$0(AbstractExecJavaBase.java:287)
	at java.base/java.lang.Thread.run(Thread.java:1474)
Caused by: java.sql.SQLSyntaxErrorException: ORA-04043: object PATIENT does not exist

	at oracle.jdbc.driver.T4CTTIoer11.processError(T4CTTIoer11.java:629)
	at oracle.jdbc.driver.T4CTTIoer11.processError(T4CTTIoer11.java:558)
	at oracle.jdbc.driver.T4CTTIoer11.processError(T4CTTIoer11.java:553)
	at oracle.jdbc.driver.T4CTTIfun.processError(T4CTTIfun.java:1376)
	at oracle.jdbc.driver.T4CTTIfun.receive(T4CTTIfun.java:771)
	at oracle.jdbc.driver.T4CTTIfun.doRPC(T4CTTIfun.java:298)
	at oracle.jdbc.driver.T4C8Odsy.doODSY(T4C8Odsy.java:209)
	at oracle.jdbc.driver.T4C8Odsy.doODSYTable(T4C8Odsy.java:154)
	at oracle.jdbc.driver.T4CConnection.getColumnMetaData(T4CConnection.java:7398)
	at oracle.jdbc.driver.T4CConnection.doDescribeTable(T4CConnection.java:7393)
	at oracle.jdbc.driver.AutoKeyInfo.initialize(AutoKeyInfo.java:328)
	at oracle.jdbc.driver.OraclePreparedStatement.initializeAutoKeyInfo(OraclePreparedStatement.java:11855)
	at oracle.jdbc.driver.OraclePreparedStatement.executeInternal(OraclePreparedStatement.java:3748)
	at oracle.jdbc.driver.OraclePreparedStatement.executeLargeUpdate(OraclePreparedStatement.java:4061)
	at oracle.jdbc.driver.OraclePreparedStatement.executeUpdate(OraclePreparedStatement.java:4036)
	at oracle.jdbc.driver.OraclePreparedStatementWrapper.executeUpdate(OraclePreparedStatementWrapper.java:995)
	at com.zaxxer.hikari.pool.ProxyPreparedStatement.executeUpdate(ProxyPreparedStatement.java:61)
	at com.zaxxer.hikari.pool.HikariProxyPreparedStatement.executeUpdate(HikariProxyPreparedStatement.java)
	at ma.ensa.healthcare.dao.impl.PatientDAOImpl.save(PatientDAOImpl.java:38)
	... 8 common frames omitted
2025-12-20 21:27:11.577 ERROR [ma.ensa.healthcare.Main.main()] ma.ensa.healthcare.Main - ERREUR lors du test DAO
java.lang.RuntimeException: Erreur SQL
	at ma.ensa.healthcare.dao.impl.PatientDAOImpl.save(PatientDAOImpl.java:52)
	at ma.ensa.healthcare.Main.main(Main.java:43)
	at java.base/jdk.internal.reflect.DirectMethodHandleAccessor.invoke(DirectMethodHandleAccessor.java:104)
	at java.base/java.lang.reflect.Method.invoke(Method.java:565)
	at org.codehaus.mojo.exec.AbstractExecJavaBase.executeMainMethod(AbstractExecJavaBase.java:402)
	at org.codehaus.mojo.exec.ExecJavaMojo.executeMainMethod(ExecJavaMojo.java:142)
	at org.codehaus.mojo.exec.AbstractExecJavaBase.doExecClassLoader(AbstractExecJavaBase.java:377)
	at org.codehaus.mojo.exec.AbstractExecJavaBase.lambda$execute$0(AbstractExecJavaBase.java:287)
	at java.base/java.lang.Thread.run(Thread.java:1474)
Caused by: java.sql.SQLSyntaxErrorException: ORA-04043: object PATIENT does not exist

	at oracle.jdbc.driver.T4CTTIoer11.processError(T4CTTIoer11.java:629)
	at oracle.jdbc.driver.T4CTTIoer11.processError(T4CTTIoer11.java:558)
	at oracle.jdbc.driver.T4CTTIoer11.processError(T4CTTIoer11.java:553)
	at oracle.jdbc.driver.T4CTTIfun.processError(T4CTTIfun.java:1376)
	at oracle.jdbc.driver.T4CTTIfun.receive(T4CTTIfun.java:771)
	at oracle.jdbc.driver.T4CTTIfun.doRPC(T4CTTIfun.java:298)
	at oracle.jdbc.driver.T4C8Odsy.doODSY(T4C8Odsy.java:209)
	at oracle.jdbc.driver.T4C8Odsy.doODSYTable(T4C8Odsy.java:154)
	at oracle.jdbc.driver.T4CConnection.getColumnMetaData(T4CConnection.java:7398)
	at oracle.jdbc.driver.T4CConnection.doDescribeTable(T4CConnection.java:7393)
	at oracle.jdbc.driver.AutoKeyInfo.initialize(AutoKeyInfo.java:328)
	at oracle.jdbc.driver.OraclePreparedStatement.initializeAutoKeyInfo(OraclePreparedStatement.java:11855)
	at oracle.jdbc.driver.OraclePreparedStatement.executeInternal(OraclePreparedStatement.java:3748)
	at oracle.jdbc.driver.OraclePreparedStatement.executeLargeUpdate(OraclePreparedStatement.java:4061)
	at oracle.jdbc.driver.OraclePreparedStatement.executeUpdate(OraclePreparedStatement.java:4036)
	at oracle.jdbc.driver.OraclePreparedStatementWrapper.executeUpdate(OraclePreparedStatementWrapper.java:995)
	at com.zaxxer.hikari.pool.ProxyPreparedStatement.executeUpdate(ProxyPreparedStatement.java:61)
	at com.zaxxer.hikari.pool.HikariProxyPreparedStatement.executeUpdate(HikariProxyPreparedStatement.java)
	at ma.ensa.healthcare.dao.impl.PatientDAOImpl.save(PatientDAOImpl.java:38)
	... 8 common frames omitted
2025-12-20 21:31:07.873 ERROR [ma.ensa.healthcare.Main.main()] m.e.healthcare.config.DatabaseConfig - Erreur lors du commit
java.sql.SQLException: Could not commit with auto-commit set on
	at oracle.jdbc.driver.PhysicalConnection.commit(PhysicalConnection.java:2697)
	at oracle.jdbc.driver.PhysicalConnection.commit(PhysicalConnection.java:2766)
	at com.zaxxer.hikari.pool.ProxyConnection.commit(ProxyConnection.java:377)
	at com.zaxxer.hikari.pool.HikariProxyConnection.commit(HikariProxyConnection.java)
	at ma.ensa.healthcare.config.DatabaseConfig.commit(DatabaseConfig.java:49)
	at ma.ensa.healthcare.dao.impl.PatientDAOImpl.save(PatientDAOImpl.java:46)
	at ma.ensa.healthcare.Main.main(Main.java:43)
	at java.base/jdk.internal.reflect.DirectMethodHandleAccessor.invoke(DirectMethodHandleAccessor.java:104)
	at java.base/java.lang.reflect.Method.invoke(Method.java:565)
	at org.codehaus.mojo.exec.AbstractExecJavaBase.executeMainMethod(AbstractExecJavaBase.java:402)
	at org.codehaus.mojo.exec.ExecJavaMojo.executeMainMethod(ExecJavaMojo.java:142)
	at org.codehaus.mojo.exec.AbstractExecJavaBase.doExecClassLoader(AbstractExecJavaBase.java:377)
	at org.codehaus.mojo.exec.AbstractExecJavaBase.lambda$execute$0(AbstractExecJavaBase.java:287)
	at java.base/java.lang.Thread.run(Thread.java:1474)
2025-12-21 12:33:19.820 ERROR [ma.ensa.healthcare.Main.main()] ma.ensa.healthcare.Main - ERREUR lors du test DAO
java.lang.RuntimeException: Erreur SQL
	at ma.ensa.healthcare.dao.impl.PatientDAOImpl.save(PatientDAOImpl.java:52)
	at ma.ensa.healthcare.Main.main(Main.java:43)
	at java.base/jdk.internal.reflect.DirectMethodHandleAccessor.invoke(DirectMethodHandleAccessor.java:104)
	at java.base/java.lang.reflect.Method.invoke(Method.java:565)
	at org.codehaus.mojo.exec.AbstractExecJavaBase.executeMainMethod(AbstractExecJavaBase.java:402)
	at org.codehaus.mojo.exec.ExecJavaMojo.executeMainMethod(ExecJavaMojo.java:142)
	at org.codehaus.mojo.exec.AbstractExecJavaBase.doExecClassLoader(AbstractExecJavaBase.java:377)
	at org.codehaus.mojo.exec.AbstractExecJavaBase.lambda$execute$0(AbstractExecJavaBase.java:287)
	at java.base/java.lang.Thread.run(Thread.java:1474)
Caused by: java.sql.SQLIntegrityConstraintViolationException: ORA-00001: unique constraint (HEALTHCARE_ADMIN.SYS_C008283) violated

	at oracle.jdbc.driver.T4CTTIoer11.processError(T4CTTIoer11.java:629)
	at oracle.jdbc.driver.T4CTTIoer11.processError(T4CTTIoer11.java:563)
	at oracle.jdbc.driver.T4C8Oall.processError(T4C8Oall.java:1230)
	at oracle.jdbc.driver.T4CTTIfun.receive(T4CTTIfun.java:771)
	at oracle.jdbc.driver.T4CTTIfun.doRPC(T4CTTIfun.java:298)
	at oracle.jdbc.driver.T4C8Oall.doOALL(T4C8Oall.java:511)
	at oracle.jdbc.driver.T4CPreparedStatement.doOall8(T4CPreparedStatement.java:162)
	at oracle.jdbc.driver.T4CPreparedStatement.executeForRows(T4CPreparedStatement.java:1240)
	at oracle.jdbc.driver.OracleStatement.executeSQLStatement(OracleStatement.java:1819)
	at oracle.jdbc.driver.OracleStatement.doExecuteWithTimeout(OracleStatement.java:1471)
	at oracle.jdbc.driver.OraclePreparedStatement.executeInternal(OraclePreparedStatement.java:3760)
	at oracle.jdbc.driver.OraclePreparedStatement.executeLargeUpdate(OraclePreparedStatement.java:4061)
	at oracle.jdbc.driver.OraclePreparedStatement.executeUpdate(OraclePreparedStatement.java:4036)
	at oracle.jdbc.driver.OraclePreparedStatementWrapper.executeUpdate(OraclePreparedStatementWrapper.java:995)
	at com.zaxxer.hikari.pool.ProxyPreparedStatement.executeUpdate(ProxyPreparedStatement.java:61)
	at com.zaxxer.hikari.pool.HikariProxyPreparedStatement.executeUpdate(HikariProxyPreparedStatement.java)
	at ma.ensa.healthcare.dao.impl.PatientDAOImpl.save(PatientDAOImpl.java:38)
	... 8 common frames omitted
Caused by: oracle.jdbc.OracleDatabaseException: ORA-00001: unique constraint (HEALTHCARE_ADMIN.SYS_C008283) violated

	at oracle.jdbc.driver.T4CTTIoer11.processError(T4CTTIoer11.java:636)
	... 24 common frames omitted
2025-12-21 12:50:12.626 ERROR [ma.ensa.healthcare.Main.main()] ma.ensa.healthcare.Main - ERREUR lors du test DAO
java.lang.RuntimeException: Erreur SQL
	at ma.ensa.healthcare.dao.impl.PatientDAOImpl.save(PatientDAOImpl.java:52)
	at ma.ensa.healthcare.Main.main(Main.java:43)
	at java.base/jdk.internal.reflect.DirectMethodHandleAccessor.invoke(DirectMethodHandleAccessor.java:104)
	at java.base/java.lang.reflect.Method.invoke(Method.java:565)
	at org.codehaus.mojo.exec.AbstractExecJavaBase.executeMainMethod(AbstractExecJavaBase.java:402)
	at org.codehaus.mojo.exec.ExecJavaMojo.executeMainMethod(ExecJavaMojo.java:142)
	at org.codehaus.mojo.exec.AbstractExecJavaBase.doExecClassLoader(AbstractExecJavaBase.java:377)
	at org.codehaus.mojo.exec.AbstractExecJavaBase.lambda$execute$0(AbstractExecJavaBase.java:287)
	at java.base/java.lang.Thread.run(Thread.java:1474)
Caused by: java.sql.SQLIntegrityConstraintViolationException: ORA-00001: unique constraint (HEALTHCARE_ADMIN.SYS_C008283) violated

	at oracle.jdbc.driver.T4CTTIoer11.processError(T4CTTIoer11.java:629)
	at oracle.jdbc.driver.T4CTTIoer11.processError(T4CTTIoer11.java:563)
	at oracle.jdbc.driver.T4C8Oall.processError(T4C8Oall.java:1230)
	at oracle.jdbc.driver.T4CTTIfun.receive(T4CTTIfun.java:771)
	at oracle.jdbc.driver.T4CTTIfun.doRPC(T4CTTIfun.java:298)
	at oracle.jdbc.driver.T4C8Oall.doOALL(T4C8Oall.java:511)
	at oracle.jdbc.driver.T4CPreparedStatement.doOall8(T4CPreparedStatement.java:162)
	at oracle.jdbc.driver.T4CPreparedStatement.executeForRows(T4CPreparedStatement.java:1240)
	at oracle.jdbc.driver.OracleStatement.executeSQLStatement(OracleStatement.java:1819)
	at oracle.jdbc.driver.OracleStatement.doExecuteWithTimeout(OracleStatement.java:1471)
	at oracle.jdbc.driver.OraclePreparedStatement.executeInternal(OraclePreparedStatement.java:3760)
	at oracle.jdbc.driver.OraclePreparedStatement.executeLargeUpdate(OraclePreparedStatement.java:4061)
	at oracle.jdbc.driver.OraclePreparedStatement.executeUpdate(OraclePreparedStatement.java:4036)
	at oracle.jdbc.driver.OraclePreparedStatementWrapper.executeUpdate(OraclePreparedStatementWrapper.java:995)
	at com.zaxxer.hikari.pool.ProxyPreparedStatement.executeUpdate(ProxyPreparedStatement.java:61)
	at com.zaxxer.hikari.pool.HikariProxyPreparedStatement.executeUpdate(HikariProxyPreparedStatement.java)
	at ma.ensa.healthcare.dao.impl.PatientDAOImpl.save(PatientDAOImpl.java:38)
	... 8 common frames omitted
Caused by: oracle.jdbc.OracleDatabaseException: ORA-00001: unique constraint (HEALTHCARE_ADMIN.SYS_C008283) violated

	at oracle.jdbc.driver.T4CTTIoer11.processError(T4CTTIoer11.java:636)
	... 24 common frames omitted
