2025-12-22 07:28:30.241 ERROR [JavaFX Application Thread] ma.ensa.healthcare.ui.MainApp - Erreur lors du démarrage de l'application
java.lang.NullPointerException: Cannot invoke "javafx.scene.Node.getLayoutBounds()" because "this.textNode" is null
	at com.jfoenix.skins.JFXTextFieldSkin.updateTextPos(JFXTextFieldSkin.java:109)
	at com.jfoenix.skins.JFXTextFieldSkin.layoutChildren(JFXTextFieldSkin.java:93)
	at javafx.controls@21.0.1/javafx.scene.control.Control.layoutChildren(Control.java:612)
	at javafx.graphics@21.0.1/javafx.scene.Parent.layout(Parent.java:1208)
	at javafx.graphics@21.0.1/javafx.scene.Parent.layout(Parent.java:1215)
	at javafx.graphics@21.0.1/javafx.scene.Parent.layout(Parent.java:1215)
	at javafx.graphics@21.0.1/javafx.scene.Parent.layout(Parent.java:1215)
	at javafx.graphics@21.0.1/javafx.scene.Parent.layout(Parent.java:1215)
	at javafx.graphics@21.0.1/javafx.scene.Parent.layout(Parent.java:1215)
	at javafx.graphics@21.0.1/javafx.scene.Scene.doLayoutPass(Scene.java:594)
	at javafx.graphics@21.0.1/javafx.scene.Scene.preferredSize(Scene.java:1789)
	at javafx.graphics@21.0.1/javafx.scene.Scene$2.preferredSize(Scene.java:411)
	at javafx.graphics@21.0.1/com.sun.javafx.scene.SceneHelper.preferredSize(SceneHelper.java:65)
	at javafx.graphics@21.0.1/javafx.stage.Window$12.invalidated(Window.java:1163)
	at javafx.base@21.0.1/javafx.beans.property.BooleanPropertyBase.markInvalid(BooleanPropertyBase.java:110)
	at javafx.base@21.0.1/javafx.beans.property.BooleanPropertyBase.set(BooleanPropertyBase.java:145)
	at javafx.graphics@21.0.1/javafx.stage.Window.setShowing(Window.java:1239)
	at javafx.graphics@21.0.1/javafx.stage.Window.show(Window.java:1254)
	at javafx.graphics@21.0.1/javafx.stage.Stage.show(Stage.java:277)
	at ma.ensa.healthcare.ui.MainApp.start(MainApp.java:38)
	at javafx.graphics@21.0.1/com.sun.javafx.application.LauncherImpl.lambda$launchApplication1$9(LauncherImpl.java:839)
	at javafx.graphics@21.0.1/com.sun.javafx.application.PlatformImpl.lambda$runAndWait$12(PlatformImpl.java:483)
	at javafx.graphics@21.0.1/com.sun.javafx.application.PlatformImpl.lambda$runLater$10(PlatformImpl.java:456)
	at java.base/java.security.AccessController.doPrivileged(AccessController.java:400)
	at javafx.graphics@21.0.1/com.sun.javafx.application.PlatformImpl.lambda$runLater$11(PlatformImpl.java:455)
	at javafx.graphics@21.0.1/com.sun.glass.ui.InvokeLaterDispatcher$Future.run(InvokeLaterDispatcher.java:95)
	at javafx.graphics@21.0.1/com.sun.glass.ui.win.WinApplication._runLoop(Native Method)
	at javafx.graphics@21.0.1/com.sun.glass.ui.win.WinApplication.lambda$runLoop$3(WinApplication.java:185)
	at java.base/java.lang.Thread.run(Thread.java:1575)
2025-12-22 07:49:08.061 ERROR [JavaFX Application Thread] ma.ensa.healthcare.ui.MainApp - Erreur lors du démarrage de l'application
java.lang.NullPointerException: Cannot invoke "javafx.scene.Node.getLayoutBounds()" because "this.textNode" is null
	at com.jfoenix.skins.JFXTextFieldSkin.updateTextPos(JFXTextFieldSkin.java:109)
	at com.jfoenix.skins.JFXTextFieldSkin.layoutChildren(JFXTextFieldSkin.java:93)
	at javafx.controls@23.0.1/javafx.scene.control.Control.layoutChildren(Control.java:612)
	at javafx.graphics@23.0.1/javafx.scene.Parent.layout(Parent.java:1208)
	at javafx.graphics@23.0.1/javafx.scene.Parent.layout(Parent.java:1215)
	at javafx.graphics@23.0.1/javafx.scene.Parent.layout(Parent.java:1215)
	at javafx.graphics@23.0.1/javafx.scene.Parent.layout(Parent.java:1215)
	at javafx.graphics@23.0.1/javafx.scene.Parent.layout(Parent.java:1215)
	at javafx.graphics@23.0.1/javafx.scene.Parent.layout(Parent.java:1215)
	at javafx.graphics@23.0.1/javafx.scene.Scene.doLayoutPass(Scene.java:596)
	at javafx.graphics@23.0.1/javafx.scene.Scene.preferredSize(Scene.java:1792)
	at javafx.graphics@23.0.1/javafx.scene.Scene$2.preferredSize(Scene.java:413)
	at javafx.graphics@23.0.1/com.sun.javafx.scene.SceneHelper.preferredSize(SceneHelper.java:65)
	at javafx.graphics@23.0.1/javafx.stage.Window$12.invalidated(Window.java:1177)
	at javafx.base@23.0.1/javafx.beans.property.BooleanPropertyBase.markInvalid(BooleanPropertyBase.java:110)
	at javafx.base@23.0.1/javafx.beans.property.BooleanPropertyBase.set(BooleanPropertyBase.java:145)
	at javafx.graphics@23.0.1/javafx.stage.Window.setShowing(Window.java:1253)
	at javafx.graphics@23.0.1/javafx.stage.Window.show(Window.java:1268)
	at javafx.graphics@23.0.1/javafx.stage.Stage.show(Stage.java:277)
	at ma.ensa.healthcare.ui.MainApp.start(MainApp.java:38)
	at javafx.graphics@23.0.1/com.sun.javafx.application.LauncherImpl.lambda$launchApplication1$9(LauncherImpl.java:839)
	at javafx.graphics@23.0.1/com.sun.javafx.application.PlatformImpl.lambda$runAndWait$12(PlatformImpl.java:483)
	at javafx.graphics@23.0.1/com.sun.javafx.application.PlatformImpl.lambda$runLater$10(PlatformImpl.java:456)
	at java.base/java.security.AccessController.doPrivileged(AccessController.java:400)
	at javafx.graphics@23.0.1/com.sun.javafx.application.PlatformImpl.lambda$runLater$11(PlatformImpl.java:455)
	at javafx.graphics@23.0.1/com.sun.glass.ui.InvokeLaterDispatcher$Future.run(InvokeLaterDispatcher.java:95)
	at javafx.graphics@23.0.1/com.sun.glass.ui.win.WinApplication._runLoop(Native Method)
	at javafx.graphics@23.0.1/com.sun.glass.ui.win.WinApplication.lambda$runLoop$3(WinApplication.java:184)
	at java.base/java.lang.Thread.run(Thread.java:1575)
2025-12-22 07:54:43.239 ERROR [JavaFX Application Thread] ma.ensa.healthcare.ui.MainApp - Erreur lors du démarrage de l'application
java.lang.NullPointerException: Cannot invoke "javafx.scene.Node.getLayoutBounds()" because "this.textNode" is null
	at com.jfoenix.skins.JFXTextFieldSkin.updateTextPos(JFXTextFieldSkin.java:109)
	at com.jfoenix.skins.JFXTextFieldSkin.layoutChildren(JFXTextFieldSkin.java:93)
	at javafx.controls@23.0.1/javafx.scene.control.Control.layoutChildren(Control.java:612)
	at javafx.graphics@23.0.1/javafx.scene.Parent.layout(Parent.java:1208)
	at javafx.graphics@23.0.1/javafx.scene.Parent.layout(Parent.java:1215)
	at javafx.graphics@23.0.1/javafx.scene.Parent.layout(Parent.java:1215)
	at javafx.graphics@23.0.1/javafx.scene.Parent.layout(Parent.java:1215)
	at javafx.graphics@23.0.1/javafx.scene.Parent.layout(Parent.java:1215)
	at javafx.graphics@23.0.1/javafx.scene.Parent.layout(Parent.java:1215)
	at javafx.graphics@23.0.1/javafx.scene.Scene.doLayoutPass(Scene.java:596)
	at javafx.graphics@23.0.1/javafx.scene.Scene.preferredSize(Scene.java:1792)
	at javafx.graphics@23.0.1/javafx.scene.Scene$2.preferredSize(Scene.java:413)
	at javafx.graphics@23.0.1/com.sun.javafx.scene.SceneHelper.preferredSize(SceneHelper.java:65)
	at javafx.graphics@23.0.1/javafx.stage.Window$12.invalidated(Window.java:1177)
	at javafx.base@23.0.1/javafx.beans.property.BooleanPropertyBase.markInvalid(BooleanPropertyBase.java:110)
	at javafx.base@23.0.1/javafx.beans.property.BooleanPropertyBase.set(BooleanPropertyBase.java:145)
	at javafx.graphics@23.0.1/javafx.stage.Window.setShowing(Window.java:1253)
	at javafx.graphics@23.0.1/javafx.stage.Window.show(Window.java:1268)
	at javafx.graphics@23.0.1/javafx.stage.Stage.show(Stage.java:277)
	at ma.ensa.healthcare.ui.MainApp.start(MainApp.java:38)
	at javafx.graphics@23.0.1/com.sun.javafx.application.LauncherImpl.lambda$launchApplication1$9(LauncherImpl.java:839)
	at javafx.graphics@23.0.1/com.sun.javafx.application.PlatformImpl.lambda$runAndWait$12(PlatformImpl.java:483)
	at javafx.graphics@23.0.1/com.sun.javafx.application.PlatformImpl.lambda$runLater$10(PlatformImpl.java:456)
	at java.base/java.security.AccessController.doPrivileged(AccessController.java:400)
	at javafx.graphics@23.0.1/com.sun.javafx.application.PlatformImpl.lambda$runLater$11(PlatformImpl.java:455)
	at javafx.graphics@23.0.1/com.sun.glass.ui.InvokeLaterDispatcher$Future.run(InvokeLaterDispatcher.java:95)
	at javafx.graphics@23.0.1/com.sun.glass.ui.win.WinApplication._runLoop(Native Method)
	at javafx.graphics@23.0.1/com.sun.glass.ui.win.WinApplication.lambda$runLoop$3(WinApplication.java:184)
	at java.base/java.lang.Thread.run(Thread.java:1575)
2025-12-22 08:14:34.044 ERROR [JavaFX Application Thread] ma.ensa.healthcare.ui.MainApp - Erreur lors du démarrage de l'application
java.lang.NullPointerException: Cannot invoke "javafx.scene.Node.getLayoutBounds()" because "this.textNode" is null
	at com.jfoenix.skins.JFXTextFieldSkin.updateTextPos(JFXTextFieldSkin.java:109)
	at com.jfoenix.skins.JFXTextFieldSkin.layoutChildren(JFXTextFieldSkin.java:93)
	at javafx.controls@23.0.1/javafx.scene.control.Control.layoutChildren(Control.java:612)
	at javafx.graphics@23.0.1/javafx.scene.Parent.layout(Parent.java:1208)
	at javafx.graphics@23.0.1/javafx.scene.Parent.layout(Parent.java:1215)
	at javafx.graphics@23.0.1/javafx.scene.Parent.layout(Parent.java:1215)
	at javafx.graphics@23.0.1/javafx.scene.Parent.layout(Parent.java:1215)
	at javafx.graphics@23.0.1/javafx.scene.Parent.layout(Parent.java:1215)
	at javafx.graphics@23.0.1/javafx.scene.Parent.layout(Parent.java:1215)
	at javafx.graphics@23.0.1/javafx.scene.Scene.doLayoutPass(Scene.java:596)
	at javafx.graphics@23.0.1/javafx.scene.Scene.preferredSize(Scene.java:1792)
	at javafx.graphics@23.0.1/javafx.scene.Scene$2.preferredSize(Scene.java:413)
	at javafx.graphics@23.0.1/com.sun.javafx.scene.SceneHelper.preferredSize(SceneHelper.java:65)
	at javafx.graphics@23.0.1/javafx.stage.Window$12.invalidated(Window.java:1177)
	at javafx.base@23.0.1/javafx.beans.property.BooleanPropertyBase.markInvalid(BooleanPropertyBase.java:110)
	at javafx.base@23.0.1/javafx.beans.property.BooleanPropertyBase.set(BooleanPropertyBase.java:145)
	at javafx.graphics@23.0.1/javafx.stage.Window.setShowing(Window.java:1253)
	at javafx.graphics@23.0.1/javafx.stage.Window.show(Window.java:1268)
	at javafx.graphics@23.0.1/javafx.stage.Stage.show(Stage.java:277)
	at ma.ensa.healthcare.ui.MainApp.start(MainApp.java:38)
	at javafx.graphics@23.0.1/com.sun.javafx.application.LauncherImpl.lambda$launchApplication1$9(LauncherImpl.java:839)
	at javafx.graphics@23.0.1/com.sun.javafx.application.PlatformImpl.lambda$runAndWait$12(PlatformImpl.java:483)
	at javafx.graphics@23.0.1/com.sun.javafx.application.PlatformImpl.lambda$runLater$10(PlatformImpl.java:456)
	at java.base/java.security.AccessController.doPrivileged(AccessController.java:400)
	at javafx.graphics@23.0.1/com.sun.javafx.application.PlatformImpl.lambda$runLater$11(PlatformImpl.java:455)
	at javafx.graphics@23.0.1/com.sun.glass.ui.InvokeLaterDispatcher$Future.run(InvokeLaterDispatcher.java:95)
	at javafx.graphics@23.0.1/com.sun.glass.ui.win.WinApplication._runLoop(Native Method)
	at javafx.graphics@23.0.1/com.sun.glass.ui.win.WinApplication.lambda$runLoop$3(WinApplication.java:184)
	at java.base/java.lang.Thread.run(Thread.java:1575)
2025-12-22 08:16:02.964 ERROR [JavaFX Application Thread] ma.ensa.healthcare.ui.MainApp - Erreur lors du démarrage de l'application
java.lang.NullPointerException: Cannot invoke "javafx.scene.Node.getLayoutBounds()" because "this.textNode" is null
	at com.jfoenix.skins.JFXTextFieldSkin.updateTextPos(JFXTextFieldSkin.java:109)
	at com.jfoenix.skins.JFXTextFieldSkin.layoutChildren(JFXTextFieldSkin.java:93)
	at javafx.controls@23.0.1/javafx.scene.control.Control.layoutChildren(Control.java:612)
	at javafx.graphics@23.0.1/javafx.scene.Parent.layout(Parent.java:1208)
	at javafx.graphics@23.0.1/javafx.scene.Parent.layout(Parent.java:1215)
	at javafx.graphics@23.0.1/javafx.scene.Parent.layout(Parent.java:1215)
	at javafx.graphics@23.0.1/javafx.scene.Parent.layout(Parent.java:1215)
	at javafx.graphics@23.0.1/javafx.scene.Parent.layout(Parent.java:1215)
	at javafx.graphics@23.0.1/javafx.scene.Parent.layout(Parent.java:1215)
	at javafx.graphics@23.0.1/javafx.scene.Scene.doLayoutPass(Scene.java:596)
	at javafx.graphics@23.0.1/javafx.scene.Scene.preferredSize(Scene.java:1792)
	at javafx.graphics@23.0.1/javafx.scene.Scene$2.preferredSize(Scene.java:413)
	at javafx.graphics@23.0.1/com.sun.javafx.scene.SceneHelper.preferredSize(SceneHelper.java:65)
	at javafx.graphics@23.0.1/javafx.stage.Window$12.invalidated(Window.java:1177)
	at javafx.base@23.0.1/javafx.beans.property.BooleanPropertyBase.markInvalid(BooleanPropertyBase.java:110)
	at javafx.base@23.0.1/javafx.beans.property.BooleanPropertyBase.set(BooleanPropertyBase.java:145)
	at javafx.graphics@23.0.1/javafx.stage.Window.setShowing(Window.java:1253)
	at javafx.graphics@23.0.1/javafx.stage.Window.show(Window.java:1268)
	at javafx.graphics@23.0.1/javafx.stage.Stage.show(Stage.java:277)
	at ma.ensa.healthcare.ui.MainApp.start(MainApp.java:38)
	at javafx.graphics@23.0.1/com.sun.javafx.application.LauncherImpl.lambda$launchApplication1$9(LauncherImpl.java:839)
	at javafx.graphics@23.0.1/com.sun.javafx.application.PlatformImpl.lambda$runAndWait$12(PlatformImpl.java:483)
	at javafx.graphics@23.0.1/com.sun.javafx.application.PlatformImpl.lambda$runLater$10(PlatformImpl.java:456)
	at java.base/java.security.AccessController.doPrivileged(AccessController.java:400)
	at javafx.graphics@23.0.1/com.sun.javafx.application.PlatformImpl.lambda$runLater$11(PlatformImpl.java:455)
	at javafx.graphics@23.0.1/com.sun.glass.ui.InvokeLaterDispatcher$Future.run(InvokeLaterDispatcher.java:95)
	at javafx.graphics@23.0.1/com.sun.glass.ui.win.WinApplication._runLoop(Native Method)
	at javafx.graphics@23.0.1/com.sun.glass.ui.win.WinApplication.lambda$runLoop$3(WinApplication.java:184)
	at java.base/java.lang.Thread.run(Thread.java:1575)
2025-12-22 15:16:47.170 ERROR [JavaFX Application Thread] ma.ensa.healthcare.ui.MainApp - Erreur lors du démarrage de l'application
java.lang.NullPointerException: Cannot invoke "javafx.scene.Node.getLayoutBounds()" because "this.textNode" is null
	at com.jfoenix.skins.JFXTextFieldSkin.updateTextPos(JFXTextFieldSkin.java:109)
	at com.jfoenix.skins.JFXTextFieldSkin.layoutChildren(JFXTextFieldSkin.java:93)
	at javafx.controls@23.0.1/javafx.scene.control.Control.layoutChildren(Control.java:612)
	at javafx.graphics@23.0.1/javafx.scene.Parent.layout(Parent.java:1208)
	at javafx.graphics@23.0.1/javafx.scene.Parent.layout(Parent.java:1215)
	at javafx.graphics@23.0.1/javafx.scene.Parent.layout(Parent.java:1215)
	at javafx.graphics@23.0.1/javafx.scene.Parent.layout(Parent.java:1215)
	at javafx.graphics@23.0.1/javafx.scene.Parent.layout(Parent.java:1215)
	at javafx.graphics@23.0.1/javafx.scene.Parent.layout(Parent.java:1215)
	at javafx.graphics@23.0.1/javafx.scene.Scene.doLayoutPass(Scene.java:596)
	at javafx.graphics@23.0.1/javafx.scene.Scene.preferredSize(Scene.java:1792)
	at javafx.graphics@23.0.1/javafx.scene.Scene$2.preferredSize(Scene.java:413)
	at javafx.graphics@23.0.1/com.sun.javafx.scene.SceneHelper.preferredSize(SceneHelper.java:65)
	at javafx.graphics@23.0.1/javafx.stage.Window$12.invalidated(Window.java:1177)
	at javafx.base@23.0.1/javafx.beans.property.BooleanPropertyBase.markInvalid(BooleanPropertyBase.java:110)
	at javafx.base@23.0.1/javafx.beans.property.BooleanPropertyBase.set(BooleanPropertyBase.java:145)
	at javafx.graphics@23.0.1/javafx.stage.Window.setShowing(Window.java:1253)
	at javafx.graphics@23.0.1/javafx.stage.Window.show(Window.java:1268)
	at javafx.graphics@23.0.1/javafx.stage.Stage.show(Stage.java:277)
	at ma.ensa.healthcare.ui.MainApp.start(MainApp.java:38)
	at javafx.graphics@23.0.1/com.sun.javafx.application.LauncherImpl.lambda$launchApplication1$9(LauncherImpl.java:839)
	at javafx.graphics@23.0.1/com.sun.javafx.application.PlatformImpl.lambda$runAndWait$12(PlatformImpl.java:483)
	at javafx.graphics@23.0.1/com.sun.javafx.application.PlatformImpl.lambda$runLater$10(PlatformImpl.java:456)
	at java.base/java.security.AccessController.doPrivileged(AccessController.java:400)
	at javafx.graphics@23.0.1/com.sun.javafx.application.PlatformImpl.lambda$runLater$11(PlatformImpl.java:455)
	at javafx.graphics@23.0.1/com.sun.glass.ui.InvokeLaterDispatcher$Future.run(InvokeLaterDispatcher.java:95)
	at javafx.graphics@23.0.1/com.sun.glass.ui.win.WinApplication._runLoop(Native Method)
	at javafx.graphics@23.0.1/com.sun.glass.ui.win.WinApplication.lambda$runLoop$3(WinApplication.java:184)
	at java.base/java.lang.Thread.run(Thread.java:1575)
2025-12-22 15:21:59.861 ERROR [JavaFX Application Thread] ma.ensa.healthcare.ui.MainApp - Erreur lors du démarrage de l'application
java.lang.NullPointerException: Cannot invoke "javafx.scene.Node.getLayoutBounds()" because "this.textNode" is null
	at com.jfoenix.skins.JFXTextFieldSkin.updateTextPos(JFXTextFieldSkin.java:109)
	at com.jfoenix.skins.JFXTextFieldSkin.layoutChildren(JFXTextFieldSkin.java:93)
	at javafx.controls@23.0.1/javafx.scene.control.Control.layoutChildren(Control.java:612)
	at javafx.graphics@23.0.1/javafx.scene.Parent.layout(Parent.java:1208)
	at javafx.graphics@23.0.1/javafx.scene.Parent.layout(Parent.java:1215)
	at javafx.graphics@23.0.1/javafx.scene.Parent.layout(Parent.java:1215)
	at javafx.graphics@23.0.1/javafx.scene.Parent.layout(Parent.java:1215)
	at javafx.graphics@23.0.1/javafx.scene.Parent.layout(Parent.java:1215)
	at javafx.graphics@23.0.1/javafx.scene.Parent.layout(Parent.java:1215)
	at javafx.graphics@23.0.1/javafx.scene.Scene.doLayoutPass(Scene.java:596)
	at javafx.graphics@23.0.1/javafx.scene.Scene.preferredSize(Scene.java:1792)
	at javafx.graphics@23.0.1/javafx.scene.Scene$2.preferredSize(Scene.java:413)
	at javafx.graphics@23.0.1/com.sun.javafx.scene.SceneHelper.preferredSize(SceneHelper.java:65)
	at javafx.graphics@23.0.1/javafx.stage.Window$12.invalidated(Window.java:1177)
	at javafx.base@23.0.1/javafx.beans.property.BooleanPropertyBase.markInvalid(BooleanPropertyBase.java:110)
	at javafx.base@23.0.1/javafx.beans.property.BooleanPropertyBase.set(BooleanPropertyBase.java:145)
	at javafx.graphics@23.0.1/javafx.stage.Window.setShowing(Window.java:1253)
	at javafx.graphics@23.0.1/javafx.stage.Window.show(Window.java:1268)
	at javafx.graphics@23.0.1/javafx.stage.Stage.show(Stage.java:277)
	at ma.ensa.healthcare.ui.MainApp.start(MainApp.java:38)
	at javafx.graphics@23.0.1/com.sun.javafx.application.LauncherImpl.lambda$launchApplication1$9(LauncherImpl.java:839)
	at javafx.graphics@23.0.1/com.sun.javafx.application.PlatformImpl.lambda$runAndWait$12(PlatformImpl.java:483)
	at javafx.graphics@23.0.1/com.sun.javafx.application.PlatformImpl.lambda$runLater$10(PlatformImpl.java:456)
	at java.base/java.security.AccessController.doPrivileged(AccessController.java:400)
	at javafx.graphics@23.0.1/com.sun.javafx.application.PlatformImpl.lambda$runLater$11(PlatformImpl.java:455)
	at javafx.graphics@23.0.1/com.sun.glass.ui.InvokeLaterDispatcher$Future.run(InvokeLaterDispatcher.java:95)
	at javafx.graphics@23.0.1/com.sun.glass.ui.win.WinApplication._runLoop(Native Method)
	at javafx.graphics@23.0.1/com.sun.glass.ui.win.WinApplication.lambda$runLoop$3(WinApplication.java:184)
	at java.base/java.lang.Thread.run(Thread.java:1575)
